  [1m[35m (0.1ms)[0m  [1m[35mDROP TABLE IF EXISTS "messages"[0m
  ↳ db/schema.rb:15
  [1m[35m (0.1ms)[0m  [1m[34mSELECT sqlite_version(*)[0m
  ↳ db/schema.rb:15
  [1m[35m (1.4ms)[0m  [1m[35mCREATE TABLE "messages" ("id" integer PRIMARY KEY AUTOINCREMENT NOT NULL, "user_id" integer NOT NULL, "content" varchar NOT NULL, "read" boolean DEFAULT 0, "created_at" datetime NOT NULL, "updated_at" datetime NOT NULL)[0m
  ↳ db/schema.rb:15
  [1m[35m (1.6ms)[0m  [1m[35mCREATE  INDEX "index_messages_on_user_id" ON "messages" ("user_id")[0m
  ↳ db/schema.rb:15
  [1m[35m (0.1ms)[0m  [1m[35mDROP TABLE IF EXISTS "users"[0m
  ↳ db/schema.rb:24
  [1m[35m (1.1ms)[0m  [1m[35mCREATE TABLE "users" ("id" integer PRIMARY KEY AUTOINCREMENT NOT NULL, "email" varchar NOT NULL, "created_at" datetime, "updated_at" datetime)[0m
  ↳ db/schema.rb:24
  [1m[35m (1.4ms)[0m  [1m[35mCREATE TABLE "schema_migrations" ("version" varchar NOT NULL PRIMARY KEY)[0m
  ↳ db/schema.rb:13
  [1m[35m (0.1ms)[0m  [1m[34mSELECT "schema_migrations"."version" FROM "schema_migrations" ORDER BY "schema_migrations"."version" ASC[0m
  ↳ db/schema.rb:13
  [1m[35m (1.8ms)[0m  [1m[32mINSERT INTO "schema_migrations" (version) VALUES (20140320225123)[0m
  ↳ db/schema.rb:13
  [1m[35m (1.3ms)[0m  [1m[32mINSERT INTO "schema_migrations" (version) VALUES
(20140320160550);

[0m
  ↳ db/schema.rb:13
  [1m[35m (1.3ms)[0m  [1m[35mCREATE TABLE "ar_internal_metadata" ("key" varchar NOT NULL PRIMARY KEY, "value" varchar, "created_at" datetime NOT NULL, "updated_at" datetime NOT NULL)[0m
  ↳ db/schema.rb:13
  [1m[36mActiveRecord::InternalMetadata Load (0.1ms)[0m  [1m[34mSELECT  "ar_internal_metadata".* FROM "ar_internal_metadata" WHERE "ar_internal_metadata"."key" = ? LIMIT ?[0m  [["key", "environment"], ["LIMIT", 1]]
  ↳ db/schema.rb:13
  [1m[35m (0.0ms)[0m  [1m[36mbegin transaction[0m
  ↳ db/schema.rb:13
  [1m[36mActiveRecord::InternalMetadata Create (0.3ms)[0m  [1m[32mINSERT INTO "ar_internal_metadata" ("key", "value", "created_at", "updated_at") VALUES (?, ?, ?, ?)[0m  [["key", "environment"], ["value", "development"], ["created_at", "2020-07-29 18:35:56.120286"], ["updated_at", "2020-07-29 18:35:56.120286"]]
  ↳ db/schema.rb:13
  [1m[35m (0.8ms)[0m  [1m[36mcommit transaction[0m
  ↳ db/schema.rb:13
  [1m[36mActiveRecord::InternalMetadata Load (0.1ms)[0m  [1m[34mSELECT  "ar_internal_metadata".* FROM "ar_internal_metadata" WHERE "ar_internal_metadata"."key" = ? LIMIT ?[0m  [["key", "environment"], ["LIMIT", 1]]
  ↳ /Users/pratikbothra/.rbenv/versions/2.5.5/bin/rake:23
  [1m[35m (0.0ms)[0m  [1m[36mbegin transaction[0m
  ↳ /Users/pratikbothra/.rbenv/versions/2.5.5/bin/rake:23
  [1m[35m (0.0ms)[0m  [1m[36mcommit transaction[0m
  ↳ /Users/pratikbothra/.rbenv/versions/2.5.5/bin/rake:23
  [1m[35m (0.1ms)[0m  [1m[35mDROP TABLE IF EXISTS "messages"[0m
  ↳ db/schema.rb:15
  [1m[35m (0.1ms)[0m  [1m[34mSELECT sqlite_version(*)[0m
  ↳ db/schema.rb:15
  [1m[35m (1.6ms)[0m  [1m[35mCREATE TABLE "messages" ("id" integer PRIMARY KEY AUTOINCREMENT NOT NULL, "user_id" integer NOT NULL, "content" varchar NOT NULL, "read" boolean DEFAULT 0, "created_at" datetime NOT NULL, "updated_at" datetime NOT NULL)[0m
  ↳ db/schema.rb:15
  [1m[35m (1.5ms)[0m  [1m[35mCREATE  INDEX "index_messages_on_user_id" ON "messages" ("user_id")[0m
  ↳ db/schema.rb:15
  [1m[35m (0.2ms)[0m  [1m[35mDROP TABLE IF EXISTS "users"[0m
  ↳ db/schema.rb:24
  [1m[35m (1.2ms)[0m  [1m[35mCREATE TABLE "users" ("id" integer PRIMARY KEY AUTOINCREMENT NOT NULL, "email" varchar NOT NULL, "created_at" datetime, "updated_at" datetime)[0m
  ↳ db/schema.rb:24
  [1m[35m (1.1ms)[0m  [1m[35mCREATE TABLE "schema_migrations" ("version" varchar NOT NULL PRIMARY KEY)[0m
  ↳ db/schema.rb:13
  [1m[35m (0.1ms)[0m  [1m[34mSELECT "schema_migrations"."version" FROM "schema_migrations" ORDER BY "schema_migrations"."version" ASC[0m
  ↳ db/schema.rb:13
  [1m[35m (0.9ms)[0m  [1m[32mINSERT INTO "schema_migrations" (version) VALUES (20140320225123)[0m
  ↳ db/schema.rb:13
  [1m[35m (1.2ms)[0m  [1m[32mINSERT INTO "schema_migrations" (version) VALUES
(20140320160550);

[0m
  ↳ db/schema.rb:13
  [1m[35m (1.2ms)[0m  [1m[35mCREATE TABLE "ar_internal_metadata" ("key" varchar NOT NULL PRIMARY KEY, "value" varchar, "created_at" datetime NOT NULL, "updated_at" datetime NOT NULL)[0m
  ↳ db/schema.rb:13
  [1m[36mActiveRecord::InternalMetadata Load (0.2ms)[0m  [1m[34mSELECT  "ar_internal_metadata".* FROM "ar_internal_metadata" WHERE "ar_internal_metadata"."key" = ? LIMIT ?[0m  [["key", "environment"], ["LIMIT", 1]]
  ↳ db/schema.rb:13
  [1m[35m (0.0ms)[0m  [1m[36mbegin transaction[0m
  ↳ db/schema.rb:13
  [1m[36mActiveRecord::InternalMetadata Create (0.4ms)[0m  [1m[32mINSERT INTO "ar_internal_metadata" ("key", "value", "created_at", "updated_at") VALUES (?, ?, ?, ?)[0m  [["key", "environment"], ["value", "development"], ["created_at", "2020-07-29 18:35:56.142352"], ["updated_at", "2020-07-29 18:35:56.142352"]]
  ↳ db/schema.rb:13
  [1m[35m (0.7ms)[0m  [1m[36mcommit transaction[0m
  ↳ db/schema.rb:13
  [1m[36mActiveRecord::InternalMetadata Load (0.1ms)[0m  [1m[34mSELECT  "ar_internal_metadata".* FROM "ar_internal_metadata" WHERE "ar_internal_metadata"."key" = ? LIMIT ?[0m  [["key", "environment"], ["LIMIT", 1]]
  ↳ /Users/pratikbothra/.rbenv/versions/2.5.5/bin/rake:23
  [1m[35m (0.1ms)[0m  [1m[36mbegin transaction[0m
  ↳ /Users/pratikbothra/.rbenv/versions/2.5.5/bin/rake:23
  [1m[36mActiveRecord::InternalMetadata Update (0.5ms)[0m  [1m[33mUPDATE "ar_internal_metadata" SET "value" = ?, "updated_at" = ? WHERE "ar_internal_metadata"."key" = ?[0m  [["value", "test"], ["updated_at", "2020-07-29 18:35:56.145852"], ["key", "environment"]]
  ↳ /Users/pratikbothra/.rbenv/versions/2.5.5/bin/rake:23
  [1m[35m (1.0ms)[0m  [1m[36mcommit transaction[0m
  ↳ /Users/pratikbothra/.rbenv/versions/2.5.5/bin/rake:23
  [1m[35m (0.1ms)[0m  [1m[34mSELECT "schema_migrations"."version" FROM "schema_migrations" ORDER BY "schema_migrations"."version" ASC[0m
  ↳ /Users/pratikbothra/.rbenv/versions/2.5.5/bin/rake:23
Started GET "/admin_api/users" for ::1 at 2020-07-29 22:20:05 +0100
  [1m[35m (0.5ms)[0m  [1m[34mSELECT "schema_migrations"."version" FROM "schema_migrations" ORDER BY "schema_migrations"."version" ASC[0m
  ↳ /Users/pratikbothra/.rbenv/versions/2.5.5/lib/ruby/gems/2.5.0/gems/activerecord-5.2.3/lib/active_record/log_subscriber.rb:98
Processing by AdminApi::UsersController#index as */*
  [1m[36mUser Load (0.5ms)[0m  [1m[34mSELECT "users".* FROM "users"[0m
  ↳ app/controllers/admin_api/users_controller.rb:7
Completed 200 OK in 19ms (Views: 0.2ms | ActiveRecord: 1.3ms)


Started GET "/" for 127.0.0.1 at 2020-07-29 22:20:12 +0100
Processing by Rails::WelcomeController#index as HTML
  Rendering /Users/pratikbothra/.rbenv/versions/2.5.5/lib/ruby/gems/2.5.0/gems/railties-5.2.3/lib/rails/templates/rails/welcome/index.html.erb
  Rendered /Users/pratikbothra/.rbenv/versions/2.5.5/lib/ruby/gems/2.5.0/gems/railties-5.2.3/lib/rails/templates/rails/welcome/index.html.erb (3.7ms)
Completed 200 OK in 18ms (Views: 12.3ms | ActiveRecord: 0.0ms)


Started POST "/customer_api/ping" for ::1 at 2020-07-29 22:20:32 +0100
Processing by CustomerApi::UsersController#ping as */*
  Parameters: {"email"=>"pratik60@gmail.com"}
  [1m[36mUser Load (0.2ms)[0m  [1m[34mSELECT  "users".* FROM "users" WHERE "users"."email" = ? ORDER BY "users"."id" ASC LIMIT ?[0m  [["email", "pratik60@gmail.com"], ["LIMIT", 1]]
  ↳ app/controllers/customer_api/users_controller.rb:3
  [1m[35m (0.0ms)[0m  [1m[36mbegin transaction[0m
  ↳ app/controllers/customer_api/users_controller.rb:3
  [1m[36mUser Create (0.8ms)[0m  [1m[32mINSERT INTO "users" ("email", "created_at", "updated_at") VALUES (?, ?, ?)[0m  [["email", "pratik60@gmail.com"], ["created_at", "2020-07-29 21:20:32.907618"], ["updated_at", "2020-07-29 21:20:32.907618"]]
  ↳ app/controllers/customer_api/users_controller.rb:3
  [1m[35m (0.8ms)[0m  [1m[36mcommit transaction[0m
  ↳ app/controllers/customer_api/users_controller.rb:3
  [1m[36mMessage Load (0.5ms)[0m  [1m[34mSELECT "messages".* FROM "messages" WHERE "messages"."user_id" = ? AND "messages"."read" = ?[0m  [["user_id", 1], ["read", 0]]
  ↳ app/controllers/customer_api/users_controller.rb:4
Completed 200 OK in 23ms (Views: 0.2ms | ActiveRecord: 2.6ms)


Started GET "/admin_api/users" for ::1 at 2020-07-29 22:20:36 +0100
Processing by AdminApi::UsersController#index as */*
  [1m[36mUser Load (0.1ms)[0m  [1m[34mSELECT "users".* FROM "users"[0m
  ↳ app/controllers/admin_api/users_controller.rb:7
Completed 200 OK in 3ms (Views: 0.4ms | ActiveRecord: 0.1ms)


Started POST "/admin_api/messages" for ::1 at 2020-07-29 22:20:42 +0100
Processing by AdminApi::MessagesController#create as */*
  Parameters: {"content"=>"Hey ya!", "user_id"=>"1", "email"=>"pratik60@gmail.com"}
  [1m[36mUser Load (0.2ms)[0m  [1m[34mSELECT  "users".* FROM "users" WHERE "users"."id" = ? LIMIT ?[0m  [["id", 1], ["LIMIT", 1]]
  ↳ app/controllers/admin_api/messages_controller.rb:7
Unpermitted parameter: :email
  [1m[35m (0.1ms)[0m  [1m[36mbegin transaction[0m
  ↳ app/controllers/admin_api/messages_controller.rb:3
  [1m[36mMessage Create (0.8ms)[0m  [1m[32mINSERT INTO "messages" ("user_id", "content", "created_at", "updated_at") VALUES (?, ?, ?, ?)[0m  [["user_id", 1], ["content", "Hey ya!"], ["created_at", "2020-07-29 21:20:42.305050"], ["updated_at", "2020-07-29 21:20:42.305050"]]
  ↳ app/controllers/admin_api/messages_controller.rb:3
  [1m[35m (0.8ms)[0m  [1m[36mcommit transaction[0m
  ↳ app/controllers/admin_api/messages_controller.rb:3
No template found for AdminApi::MessagesController#create, rendering head :no_content
Completed 204 No Content in 11ms (ActiveRecord: 1.9ms)


Started GET "/" for 127.0.0.1 at 2020-07-29 22:21:05 +0100
Processing by Rails::WelcomeController#index as HTML
  Rendering /Users/pratikbothra/.rbenv/versions/2.5.5/lib/ruby/gems/2.5.0/gems/railties-5.2.3/lib/rails/templates/rails/welcome/index.html.erb
  Rendered /Users/pratikbothra/.rbenv/versions/2.5.5/lib/ruby/gems/2.5.0/gems/railties-5.2.3/lib/rails/templates/rails/welcome/index.html.erb (2.0ms)
Completed 200 OK in 9ms (Views: 4.9ms | ActiveRecord: 0.0ms)


Started GET "/admin_api/users" for ::1 at 2020-07-29 22:21:09 +0100
Processing by AdminApi::UsersController#index as */*
  [1m[36mUser Load (0.1ms)[0m  [1m[34mSELECT "users".* FROM "users"[0m
  ↳ app/controllers/admin_api/users_controller.rb:7
Completed 200 OK in 1ms (Views: 0.2ms | ActiveRecord: 0.1ms)


Started POST "/admin_api/messages" for ::1 at 2020-07-29 23:14:06 +0100
Processing by AdminApi::MessagesController#create as */*
  Parameters: {"content"=>"ds", "user_id"=>"1", "email"=>"pratik60@gmail.com"}
  [1m[36mUser Load (0.2ms)[0m  [1m[34mSELECT  "users".* FROM "users" WHERE "users"."id" = ? LIMIT ?[0m  [["id", 1], ["LIMIT", 1]]
  ↳ app/controllers/admin_api/messages_controller.rb:7
Unpermitted parameter: :email
  [1m[35m (0.0ms)[0m  [1m[36mbegin transaction[0m
  ↳ app/controllers/admin_api/messages_controller.rb:3
  [1m[36mMessage Create (0.4ms)[0m  [1m[32mINSERT INTO "messages" ("user_id", "content", "created_at", "updated_at") VALUES (?, ?, ?, ?)[0m  [["user_id", 1], ["content", "ds"], ["created_at", "2020-07-29 22:14:06.605316"], ["updated_at", "2020-07-29 22:14:06.605316"]]
  ↳ app/controllers/admin_api/messages_controller.rb:3
  [1m[35m (6.5ms)[0m  [1m[36mcommit transaction[0m
  ↳ app/controllers/admin_api/messages_controller.rb:3
No template found for AdminApi::MessagesController#create, rendering head :no_content
Completed 204 No Content in 11ms (ActiveRecord: 7.2ms)


Started POST "/customer_api/ping" for ::1 at 2020-07-29 23:14:09 +0100
Processing by CustomerApi::UsersController#ping as */*
  Parameters: {"email"=>"pratik60@gmail.com"}
  [1m[36mUser Load (0.2ms)[0m  [1m[34mSELECT  "users".* FROM "users" WHERE "users"."email" = ? ORDER BY "users"."id" ASC LIMIT ?[0m  [["email", "pratik60@gmail.com"], ["LIMIT", 1]]
  ↳ app/controllers/customer_api/users_controller.rb:3
  [1m[36mMessage Load (0.1ms)[0m  [1m[34mSELECT "messages".* FROM "messages" WHERE "messages"."user_id" = ? AND "messages"."read" = ?[0m  [["user_id", 1], ["read", 0]]
  ↳ app/controllers/customer_api/users_controller.rb:4
Completed 200 OK in 3ms (Views: 0.3ms | ActiveRecord: 0.3ms)


Started POST "/customer_api/read" for ::1 at 2020-07-29 23:14:11 +0100
Processing by CustomerApi::MessagesController#read as */*
  Parameters: {"email"=>"pratik60@gmail.com", "message_id"=>"1"}
  [1m[36mMessage Load (0.2ms)[0m  [1m[34mSELECT  "messages".* FROM "messages" WHERE "messages"."id" = ? LIMIT ?[0m  [["id", 1], ["LIMIT", 1]]
  ↳ app/controllers/customer_api/messages_controller.rb:3
  [1m[35m (0.0ms)[0m  [1m[36mbegin transaction[0m
  ↳ app/models/message.rb:11
  [1m[36mMessage Update (0.4ms)[0m  [1m[33mUPDATE "messages" SET "read" = ?, "updated_at" = ? WHERE "messages"."id" = ?[0m  [["read", 1], ["updated_at", "2020-07-29 22:14:11.600328"], ["id", 1]]
  ↳ app/models/message.rb:11
  [1m[35m (0.8ms)[0m  [1m[36mcommit transaction[0m
  ↳ app/models/message.rb:11
Completed 200 OK in 4ms (Views: 0.3ms | ActiveRecord: 1.4ms)


Started POST "/customer_api/read" for ::1 at 2020-07-29 23:14:12 +0100
Processing by CustomerApi::MessagesController#read as */*
  Parameters: {"email"=>"pratik60@gmail.com", "message_id"=>"2"}
  [1m[36mMessage Load (0.2ms)[0m  [1m[34mSELECT  "messages".* FROM "messages" WHERE "messages"."id" = ? LIMIT ?[0m  [["id", 2], ["LIMIT", 1]]
  ↳ app/controllers/customer_api/messages_controller.rb:3
  [1m[35m (0.1ms)[0m  [1m[36mbegin transaction[0m
  ↳ app/models/message.rb:11
  [1m[36mMessage Update (0.8ms)[0m  [1m[33mUPDATE "messages" SET "read" = ?, "updated_at" = ? WHERE "messages"."id" = ?[0m  [["read", 1], ["updated_at", "2020-07-29 22:14:12.301835"], ["id", 2]]
  ↳ app/models/message.rb:11
  [1m[35m (6.7ms)[0m  [1m[36mcommit transaction[0m
  ↳ app/models/message.rb:11
Completed 200 OK in 17ms (Views: 0.4ms | ActiveRecord: 7.8ms)


  [1m[35m (0.4ms)[0m  [1m[34mSELECT "schema_migrations"."version" FROM "schema_migrations" ORDER BY "schema_migrations"."version" ASC[0m
  ↳ /Users/pratikbothra/.rbenv/versions/2.5.5/bin/rake:23
  [1m[35m (0.8ms)[0m  [1m[34mSELECT "ar_internal_metadata"."value" FROM "ar_internal_metadata" WHERE "ar_internal_metadata"."key" = ?[0m  [["key", "environment"]]
  ↳ /Users/pratikbothra/.rbenv/versions/2.5.5/bin/rake:23
  [1m[35m (0.1ms)[0m  [1m[34mSELECT "schema_migrations"."version" FROM "schema_migrations" ORDER BY "schema_migrations"."version" ASC[0m
  ↳ /Users/pratikbothra/.rbenv/versions/2.5.5/bin/rake:23
  [1m[35m (0.1ms)[0m  [1m[34mSELECT "ar_internal_metadata"."value" FROM "ar_internal_metadata" WHERE "ar_internal_metadata"."key" = ?[0m  [["key", "environment"]]
  ↳ /Users/pratikbothra/.rbenv/versions/2.5.5/bin/rake:23
  [1m[35m (0.1ms)[0m  [1m[34mSELECT "schema_migrations"."version" FROM "schema_migrations" ORDER BY "schema_migrations"."version" ASC[0m
  ↳ /Users/pratikbothra/.rbenv/versions/2.5.5/bin/rake:23
  [1m[35m (0.1ms)[0m  [1m[34mSELECT "ar_internal_metadata"."value" FROM "ar_internal_metadata" WHERE "ar_internal_metadata"."key" = ?[0m  [["key", "environment"]]
  ↳ /Users/pratikbothra/.rbenv/versions/2.5.5/bin/rake:23
  [1m[35m (0.1ms)[0m  [1m[34mSELECT "schema_migrations"."version" FROM "schema_migrations" ORDER BY "schema_migrations"."version" ASC[0m
  ↳ db/schema.rb:13
  [1m[36mActiveRecord::InternalMetadata Load (0.1ms)[0m  [1m[34mSELECT  "ar_internal_metadata".* FROM "ar_internal_metadata" WHERE "ar_internal_metadata"."key" = ? LIMIT ?[0m  [["key", "environment"], ["LIMIT", 1]]
  ↳ db/schema.rb:13
  [1m[35m (0.1ms)[0m  [1m[36mbegin transaction[0m
  ↳ db/schema.rb:13
  [1m[35m (0.0ms)[0m  [1m[36mcommit transaction[0m
  ↳ db/schema.rb:13
  [1m[36mActiveRecord::InternalMetadata Load (0.1ms)[0m  [1m[34mSELECT  "ar_internal_metadata".* FROM "ar_internal_metadata" WHERE "ar_internal_metadata"."key" = ? LIMIT ?[0m  [["key", "environment"], ["LIMIT", 1]]
  ↳ /Users/pratikbothra/.rbenv/versions/2.5.5/bin/rake:23
  [1m[35m (0.0ms)[0m  [1m[36mbegin transaction[0m
  ↳ /Users/pratikbothra/.rbenv/versions/2.5.5/bin/rake:23
  [1m[35m (0.0ms)[0m  [1m[36mcommit transaction[0m
  ↳ /Users/pratikbothra/.rbenv/versions/2.5.5/bin/rake:23
  [1m[35m (0.6ms)[0m  [1m[34mSELECT "schema_migrations"."version" FROM "schema_migrations" ORDER BY "schema_migrations"."version" ASC[0m
  ↳ db/schema.rb:13
  [1m[36mActiveRecord::InternalMetadata Load (0.6ms)[0m  [1m[34mSELECT  "ar_internal_metadata".* FROM "ar_internal_metadata" WHERE "ar_internal_metadata"."key" = ? LIMIT ?[0m  [["key", "environment"], ["LIMIT", 1]]
  ↳ db/schema.rb:13
  [1m[35m (0.0ms)[0m  [1m[36mbegin transaction[0m
  ↳ db/schema.rb:13
  [1m[36mActiveRecord::InternalMetadata Update (0.6ms)[0m  [1m[33mUPDATE "ar_internal_metadata" SET "value" = ?, "updated_at" = ? WHERE "ar_internal_metadata"."key" = ?[0m  [["value", "development"], ["updated_at", "2020-08-05 10:00:18.094757"], ["key", "environment"]]
  ↳ db/schema.rb:13
  [1m[35m (3.2ms)[0m  [1m[36mcommit transaction[0m
  ↳ db/schema.rb:13
  [1m[36mActiveRecord::InternalMetadata Load (0.1ms)[0m  [1m[34mSELECT  "ar_internal_metadata".* FROM "ar_internal_metadata" WHERE "ar_internal_metadata"."key" = ? LIMIT ?[0m  [["key", "environment"], ["LIMIT", 1]]
  ↳ /Users/pratikbothra/.rbenv/versions/2.5.5/bin/rake:23
  [1m[35m (0.0ms)[0m  [1m[36mbegin transaction[0m
  ↳ /Users/pratikbothra/.rbenv/versions/2.5.5/bin/rake:23
  [1m[36mActiveRecord::InternalMetadata Update (0.3ms)[0m  [1m[33mUPDATE "ar_internal_metadata" SET "value" = ?, "updated_at" = ? WHERE "ar_internal_metadata"."key" = ?[0m  [["value", "test"], ["updated_at", "2020-08-05 10:00:18.101234"], ["key", "environment"]]
  ↳ /Users/pratikbothra/.rbenv/versions/2.5.5/bin/rake:23
  [1m[35m (0.9ms)[0m  [1m[36mcommit transaction[0m
  ↳ /Users/pratikbothra/.rbenv/versions/2.5.5/bin/rake:23
  [1m[35m (0.1ms)[0m  [1m[34mSELECT "schema_migrations"."version" FROM "schema_migrations" ORDER BY "schema_migrations"."version" ASC[0m
  ↳ /Users/pratikbothra/.rbenv/versions/2.5.5/bin/rake:23
Started POST "/foo" for ::1 at 2020-08-05 11:00:28 +0100
Processing by FooController#verify as */*
Completed 200 OK in 1ms (Views: 0.2ms | ActiveRecord: 0.0ms)


Started POST "/bar" for ::1 at 2020-08-05 11:00:34 +0100
Processing by BarController#verify as */*
Completed 200 OK in 0ms (Views: 0.1ms | ActiveRecord: 0.0ms)


